[
  {
    "level": "INFO",
    "message": "android.ndkVersion from module build.gradle is 20.0.5594570"
  },
  {
    "level": "INFO",
    "message": "ndk.dir in local.properties is not set"
  },
  {
    "level": "INFO",
    "message": "ANDROID_NDK_HOME environment variable is not set"
  },
  {
    "level": "INFO",
    "message": "sdkFolder is /opt2/a/android-sdk-linux"
  },
  {
    "level": "INFO",
    "message": "Considering /opt2/a/android-sdk-linux/ndk-bundle in SDK ndk-bundle folder"
  },
  {
    "level": "INFO",
    "message": "Considering /opt2/a/android-sdk-linux/ndk/21.2.6472646 in SDK ndk folder"
  },
  {
    "level": "INFO",
    "message": "Rejected /opt2/a/android-sdk-linux/ndk-bundle in SDK ndk-bundle folder because that location has no source.properties"
  },
  {
    "level": "INFO",
    "message": "Rejected /opt2/a/android-sdk-linux/ndk/21.2.6472646 in SDK ndk folder because that NDK had version 21.2.6472646 which didn\u0027t match the requested version 20.0.5594570"
  },
  {
    "level": "ERROR",
    "message": "No version of NDK matched the requested version 20.0.5594570. Versions available locally: 21.2.6472646"
  }
]